<?xml version="1.0" encoding="UTF-8"?>
<!-- Generated by org.testng.reporters.JUnitReportReporter -->
<testsuite hostname="NidhiPrajapatis-MacBook-Air.local" failures="0" tests="1" name="testCases.HomePage" time="0.174" errors="0" timestamp="2021-07-05T22:34:38 IST" skipped="0">
  <testcase classname="testCases.HomePage" name="baseHomePageNavigation" time="0.174"/>
  <system-out/>
</testsuite> <!-- testCases.HomePage -->
