<?xml version="1.0" encoding="UTF-8"?>
<!-- Generated by org.testng.reporters.JUnitReportReporter -->
<testsuite hostname="NidhiPrajapatis-MacBook-Air.local" failures="0" tests="1" name="testCases.Contact" time="8.666" errors="0" timestamp="2021-07-05T22:34:38 IST" skipped="0">
  <testcase classname="testCases.Contact" name="contact" time="8.666"/>
  <system-out/>
</testsuite> <!-- testCases.Contact -->
