<?xml version="1.0" encoding="UTF-8"?>
<!-- Generated by org.testng.reporters.JUnitReportReporter -->
<testsuite hostname="NidhiPrpatisAir" failures="0" tests="1" name="com.FrameWorkFromScratch.HomePage" time="7.568" errors="0" timestamp="2021-06-22T22:23:28 IST" skipped="0">
  <testcase classname="com.FrameWorkFromScratch.HomePage" name="baseClassNavigationToThisClass" time="7.568"/>
  <system-out/>
</testsuite> <!-- com.FrameWorkFromScratch.HomePage -->
