<?xml version="1.0" encoding="UTF-8"?>
<!-- Generated by org.testng.reporters.JUnitReportReporter -->
<testsuite hostname="NidhiPrpatisAir" failures="0" tests="1" name="testCases.Contact" time="7.523" errors="0" timestamp="2021-07-12T22:34:08 IST" skipped="0">
  <testcase classname="testCases.Contact" name="contact" time="7.523"/>
  <system-out/>
</testsuite> <!-- testCases.Contact -->
