<?xml version="1.0" encoding="UTF-8"?>
<!-- Generated by org.testng.reporters.JUnitReportReporter -->
<testsuite skipped="0" hostname="NidhiPrpatisAir" name="testCases.Contact" tests="1" failures="0" timestamp="2021-07-06T22:36:46 IST" time="7.521" errors="0">
  <testcase name="contact" time="7.521" classname="testCases.Contact"/>
  <system-out/>
</testsuite> <!-- testCases.Contact -->
