<?xml version="1.0" encoding="UTF-8"?>
<!-- Generated by org.testng.reporters.JUnitReportReporter -->
<testsuite skipped="0" hostname="NidhiPrpatisAir" name="testCases.LoginPage" tests="2" failures="0" timestamp="2021-07-12T23:02:09 IST" time="1.818" errors="0">
  <testcase name="login" time="1.816" classname="testCases.LoginPage"/>
  <system-out/>
  <testcase name="developmentcode" time="0.002" classname="testCases.LoginPage"/>
  <system-out/>
</testsuite> <!-- testCases.LoginPage -->
