<?xml version="1.0" encoding="UTF-8"?>
<!-- Generated by org.testng.reporters.JUnitReportReporter -->
<testsuite skipped="0" hostname="NidhiPrpatisAir" name="testCases.HomePage" tests="1" failures="0" timestamp="2021-07-06T22:36:46 IST" time="0.133" errors="0">
  <testcase name="baseHomePageNavigation" time="0.133" classname="testCases.HomePage"/>
  <system-out/>
</testsuite> <!-- testCases.HomePage -->
