<?xml version="1.0" encoding="UTF-8"?>
<!-- Generated by org.testng.reporters.JUnitReportReporter -->
<testsuite skipped="0" hostname="NidhiPrpatisAir" name="testCases.HomePage" tests="2" failures="0" timestamp="2021-07-12T23:02:09 IST" time="0.129" errors="0">
  <testcase name="baseHomePageNavigation" time="0.129" classname="testCases.HomePage"/>
  <system-out/>
  <testcase name="developmentBranch" time="0.000" classname="testCases.HomePage"/>
  <system-out/>
</testsuite> <!-- testCases.HomePage -->
