<?xml version="1.0" encoding="UTF-8"?>
<!-- Generated by org.testng.reporters.JUnitReportReporter -->
<testsuite hostname="NidhiPrpatisAir" failures="0" tests="1" name="testCases.Practice" time="4.253" errors="0" timestamp="2021-07-12T22:34:08 IST" skipped="0">
  <testcase classname="testCases.Practice" name="practice" time="4.253"/>
  <system-out/>
</testsuite> <!-- testCases.Practice -->
