<?xml version="1.0" encoding="UTF-8"?>
<!-- Generated by org.testng.reporters.JUnitReportReporter -->
<testsuite hostname="NidhiPrpatisAir" failures="0" tests="2" name="testCases.LoginPage" time="1.865" errors="0" timestamp="2021-07-12T22:34:08 IST" skipped="0">
  <testcase classname="testCases.LoginPage" name="developmentcode" time="0.002"/>
  <system-out/>
  <testcase classname="testCases.LoginPage" name="login" time="1.863"/>
  <system-out/>
</testsuite> <!-- testCases.LoginPage -->
