<?xml version="1.0" encoding="UTF-8"?>
<!-- Generated by org.testng.reporters.JUnitReportReporter -->
<testsuite skipped="0" hostname="NidhiPrpatisAir" name="testCases.Contact" tests="1" failures="0" timestamp="2021-07-12T23:02:09 IST" time="8.067" errors="0">
  <testcase name="contact" time="8.067" classname="testCases.Contact"/>
  <system-out/>
</testsuite> <!-- testCases.Contact -->
