<?xml version="1.0" encoding="UTF-8"?>
<!-- Generated by org.testng.reporters.JUnitReportReporter -->
<testsuite hostname="NidhiPrpatisAir" failures="0" tests="2" name="testCases.HomePage" time="0.151" errors="0" timestamp="2021-07-12T22:34:08 IST" skipped="0">
  <testcase classname="testCases.HomePage" name="baseHomePageNavigation" time="0.151"/>
  <system-out/>
  <testcase classname="testCases.HomePage" name="developmentBranch" time="0.000"/>
  <system-out/>
</testsuite> <!-- testCases.HomePage -->
