<?xml version="1.0" encoding="UTF-8"?>
<!-- Generated by org.testng.reporters.JUnitReportReporter -->
<testsuite skipped="0" hostname="NidhiPrpatisAir" name="testCases.Practice" tests="1" failures="0" timestamp="2021-07-12T23:02:09 IST" time="4.534" errors="0">
  <testcase name="practice" time="4.534" classname="testCases.Practice"/>
  <system-out/>
</testsuite> <!-- testCases.Practice -->
