<?xml version="1.0" encoding="UTF-8"?>
<!-- Generated by org.testng.reporters.JUnitReportReporter -->
<testsuite skipped="0" hostname="NidhiPrpatisAir" name="testCases.LoginPage" tests="1" failures="0" timestamp="2021-07-06T22:36:46 IST" time="1.798" errors="0">
  <testcase name="login" time="1.798" classname="testCases.LoginPage"/>
  <system-out/>
</testsuite> <!-- testCases.LoginPage -->
