<?xml version="1.0" encoding="UTF-8"?>
<!-- Generated by org.testng.reporters.JUnitReportReporter -->
<testsuite hostname="NidhiPrpatisAir" failures="0" tests="1" name="testCases.Courses" time="3.605" errors="0" timestamp="2021-07-12T22:34:08 IST" skipped="0">
  <testcase classname="testCases.Courses" name="courses" time="3.605"/>
  <system-out/>
</testsuite> <!-- testCases.Courses -->
