<?xml version="1.0" encoding="UTF-8"?>
<!-- Generated by org.testng.reporters.JUnitReportReporter -->
<testsuite skipped="0" hostname="NidhiPrpatisAir" name="testCases.Courses" tests="1" failures="0" timestamp="2021-07-12T23:02:09 IST" time="3.500" errors="0">
  <testcase name="courses" time="3.500" classname="testCases.Courses"/>
  <system-out/>
</testsuite> <!-- testCases.Courses -->
